<?xml version="1.0" encoding="UTF-8"?>
<testsuite name="com.generics.FindMaximumValue" tests="10" skipped="0" failures="0" errors="0" timestamp="2020-10-11T15:25:04" hostname="DESKTOP-25DPEJS" time="0.166">
  <properties/>
  <testcase name="givenThreeFloats_WhenFirstPositionIsMax_ShouldReturnSameNumber" classname="com.generics.FindMaximumValue" time="0.013"/>
  <testcase name="givenThreeFloats_WhenSecondPositionIsMax_ShouldReturnSameNumber" classname="com.generics.FindMaximumValue" time="0.005"/>
  <testcase name="givenFourIntegers_WhenFirstPositionIsMax_ShouldReturnSameNumber" classname="com.generics.FindMaximumValue" time="0.003"/>
  <testcase name="givenThreeStrings_WhenThirdPositionIsMax_ShouldReturnSameNumber" classname="com.generics.FindMaximumValue" time="0.03"/>
  <testcase name="givenThreeStrings_WhenSecondPositionIsMax_ShouldReturnSameNumber" classname="com.generics.FindMaximumValue" time="0.003"/>
  <testcase name="givenThreeIntegers_WhenThirdPositionIsMax_ShouldReturnSameNumber" classname="com.generics.FindMaximumValue" time="0.019"/>
  <testcase name="givenThreeStrings_WhenFirstPositionIsMax_ShouldReturnSameNumber" classname="com.generics.FindMaximumValue" time="0.004"/>
  <testcase name="givenThreeFloats_WhenThirdPositionIsMax_ShouldReturnSameNumber" classname="com.generics.FindMaximumValue" time="0.003"/>
  <testcase name="givenThreeIntegers_WhenFirstPositionIsMax_ShouldReturnSameNumber" classname="com.generics.FindMaximumValue" time="0.006"/>
  <testcase name="givenThreeIntegers_WhenSecondPositionIsMax_ShouldReturnSameNumber" classname="com.generics.FindMaximumValue" time="0.003"/>
  <system-out><![CDATA[]]></system-out>
  <system-err><![CDATA[]]></system-err>
</testsuite>
