<?xml version="1.0" encoding="UTF-8"?>
<testsuite name="com.generics.FindMaximumValue" tests="10" skipped="0" failures="0" errors="0" timestamp="2020-10-12T07:37:14" hostname="DESKTOP-25DPEJS" time="0.207">
  <properties/>
  <testcase name="givenThreeFloats_WhenFirstPositionIsMax_ShouldReturnSameNumber" classname="com.generics.FindMaximumValue" time="0.03"/>
  <testcase name="givenThreeFloats_WhenSecondPositionIsMax_ShouldReturnSameNumber" classname="com.generics.FindMaximumValue" time="0.006"/>
  <testcase name="givenFourIntegers_WhenFirstPositionIsMax_ShouldReturnSameNumber" classname="com.generics.FindMaximumValue" time="0.003"/>
  <testcase name="givenThreeStrings_WhenThirdPositionIsMax_ShouldReturnSameNumber" classname="com.generics.FindMaximumValue" time="0.009"/>
  <testcase name="givenThreeStrings_WhenSecondPositionIsMax_ShouldReturnSameNumber" classname="com.generics.FindMaximumValue" time="0.007"/>
  <testcase name="givenThreeIntegers_WhenThirdPositionIsMax_ShouldReturnSameNumber" classname="com.generics.FindMaximumValue" time="0.002"/>
  <testcase name="givenThreeStrings_WhenFirstPositionIsMax_ShouldReturnSameNumber" classname="com.generics.FindMaximumValue" time="0.004"/>
  <testcase name="givenThreeFloats_WhenThirdPositionIsMax_ShouldReturnSameNumber" classname="com.generics.FindMaximumValue" time="0.023"/>
  <testcase name="givenThreeIntegers_WhenFirstPositionIsMax_ShouldReturnSameNumber" classname="com.generics.FindMaximumValue" time="0.011"/>
  <testcase name="givenThreeIntegers_WhenSecondPositionIsMax_ShouldReturnSameNumber" classname="com.generics.FindMaximumValue" time="0.0"/>
  <system-out><![CDATA[]]></system-out>
  <system-err><![CDATA[]]></system-err>
</testsuite>
