<?xml version="1.0" encoding="UTF-8"?>
<testsuite name="com.generics.FindMaximumValue" tests="1" skipped="0" failures="0" errors="0" timestamp="2020-10-09T10:48:54" hostname="DESKTOP-25DPEJS" time="0.006">
  <properties/>
  <testcase name="givenThreeStrings_WhenThirdPositionIsMax_ShouldReturnSameNumber" classname="com.generics.FindMaximumValue" time="0.006"/>
  <system-out><![CDATA[]]></system-out>
  <system-err><![CDATA[]]></system-err>
</testsuite>
